<?xml version="1.0" encoding="UTF-8"?>
<testsuite xmlns:xsi="http://www.w3.org/2001/XMLSchema-instance" xsi:noNamespaceSchemaLocation="https://maven.apache.org/surefire/maven-surefire-plugin/xsd/surefire-test-report.xsd" name="com.itheima.controller.RedisDemoApplicationTests" time="3.494" tests="1" errors="1" skipped="0" failures="0">
  <properties>
[...]
</properties>
  <testcase name="contextLoads" classname="com.itheima.controller.RedisDemoApplicationTests" time="0.837">
    <error message="Unable to connect to Redis; nested exception is io.lettuce.core.RedisConnectionException: Unable to connect to localhost/&lt;unresolved&gt;:6379" type="org.springframework.data.redis.RedisConnectionFailureException"><![CDATA[org.springframework.data.redis.RedisConnectionFailureException: Unable to connect to Redis; nested exception is io.lettuce.core.RedisConnectionException: Unable to connect to localhost/<unresolved>:6379
	at com.itheima.controller.RedisDemoApplicationTests.contextLoads(RedisDemoApplicationTests.java:16)
Caused by: io.lettuce.core.RedisConnectionException: Unable to connect to localhost/<unresolved>:6379
	at com.itheima.controller.RedisDemoApplicationTests.contextLoads(RedisDemoApplicationTests.java:16)
Caused by: io.netty.channel.AbstractChannel$AnnotatedConnectException: Connection refused: no further information: localhost/127.0.0.1:6379
Caused by: java.net.ConnectException: Connection refused: no further information
]]></error>
    <system-out><![CDATA[15:29:32.605 [main] DEBUG org.springframework.test.context.BootstrapUtils - Instantiating CacheAwareContextLoaderDelegate from class [org.springframework.test.context.cache.DefaultCacheAwareContextLoaderDelegate]
15:29:32.614 [main] DEBUG org.springframework.test.context.BootstrapUtils - Instantiating BootstrapContext using constructor [public org.springframework.test.context.support.DefaultBootstrapContext(java.lang.Class,org.springframework.test.context.CacheAwareContextLoaderDelegate)]
15:29:32.643 [main] DEBUG org.springframework.test.context.BootstrapUtils - Instantiating TestContextBootstrapper for test class [com.itheima.controller.RedisDemoApplicationTests] from class [org.springframework.boot.test.context.SpringBootTestContextBootstrapper]
15:29:32.655 [main] INFO org.springframework.boot.test.context.SpringBootTestContextBootstrapper - Neither @ContextConfiguration nor @ContextHierarchy found for test class [com.itheima.controller.RedisDemoApplicationTests], using SpringBootContextLoader
15:29:32.658 [main] DEBUG org.springframework.test.context.support.AbstractContextLoader - Did not detect default resource location for test class [com.itheima.controller.RedisDemoApplicationTests]: class path resource [com/itheima/controller/RedisDemoApplicationTests-context.xml] does not exist
15:29:32.659 [main] DEBUG org.springframework.test.context.support.AbstractContextLoader - Did not detect default resource location for test class [com.itheima.controller.RedisDemoApplicationTests]: class path resource [com/itheima/controller/RedisDemoApplicationTestsContext.groovy] does not exist
15:29:32.659 [main] INFO org.springframework.test.context.support.AbstractContextLoader - Could not detect default resource locations for test class [com.itheima.controller.RedisDemoApplicationTests]: no resource found for suffixes {-context.xml, Context.groovy}.
15:29:32.659 [main] INFO org.springframework.test.context.support.AnnotationConfigContextLoaderUtils - Could not detect default configuration classes for test class [com.itheima.controller.RedisDemoApplicationTests]: RedisDemoApplicationTests does not declare any static, non-private, non-final, nested classes annotated with @Configuration.
15:29:32.691 [main] DEBUG org.springframework.test.context.support.ActiveProfilesUtils - Could not find an 'annotation declaring class' for annotation type [org.springframework.test.context.ActiveProfiles] and class [com.itheima.controller.RedisDemoApplicationTests]
15:29:32.770 [main] DEBUG org.springframework.context.annotation.ClassPathScanningCandidateComponentProvider - Identified candidate component class: file [D:\code\java\helloworld-demo\target\classes\com\itheima\HelloApplication.class]
15:29:32.771 [main] INFO org.springframework.boot.test.context.SpringBootTestContextBootstrapper - Found @SpringBootConfiguration com.itheima.HelloApplication for test class com.itheima.controller.RedisDemoApplicationTests
15:29:32.882 [main] DEBUG org.springframework.boot.test.context.SpringBootTestContextBootstrapper - @TestExecutionListeners is not present for class [com.itheima.controller.RedisDemoApplicationTests]: using defaults.
15:29:32.882 [main] INFO org.springframework.boot.test.context.SpringBootTestContextBootstrapper - Loaded default TestExecutionListener class names from location [META-INF/spring.factories]: [org.springframework.boot.test.mock.mockito.MockitoTestExecutionListener, org.springframework.boot.test.mock.mockito.ResetMocksTestExecutionListener, org.springframework.boot.test.autoconfigure.restdocs.RestDocsTestExecutionListener, org.springframework.boot.test.autoconfigure.web.client.MockRestServiceServerResetTestExecutionListener, org.springframework.boot.test.autoconfigure.web.servlet.MockMvcPrintOnlyOnFailureTestExecutionListener, org.springframework.boot.test.autoconfigure.web.servlet.WebDriverTestExecutionListener, org.springframework.boot.test.autoconfigure.webservices.client.MockWebServiceServerTestExecutionListener, org.springframework.test.context.web.ServletTestExecutionListener, org.springframework.test.context.support.DirtiesContextBeforeModesTestExecutionListener, org.springframework.test.context.support.DependencyInjectionTestExecutionListener, org.springframework.test.context.support.DirtiesContextTestExecutionListener, org.springframework.test.context.transaction.TransactionalTestExecutionListener, org.springframework.test.context.jdbc.SqlScriptsTestExecutionListener, org.springframework.test.context.event.EventPublishingTestExecutionListener]
15:29:32.897 [main] INFO org.springframework.boot.test.context.SpringBootTestContextBootstrapper - Using TestExecutionListeners: [org.springframework.test.context.web.ServletTestExecutionListener@282cb7c7, org.springframework.test.context.support.DirtiesContextBeforeModesTestExecutionListener@7d898981, org.springframework.boot.test.mock.mockito.MockitoTestExecutionListener@48d61b48, org.springframework.boot.test.autoconfigure.SpringBootDependencyInjectionTestExecutionListener@68d279ec, org.springframework.test.context.support.DirtiesContextTestExecutionListener@258d79be, org.springframework.test.context.transaction.TransactionalTestExecutionListener@14f9390f, org.springframework.test.context.jdbc.SqlScriptsTestExecutionListener@6c0d7c83, org.springframework.test.context.event.EventPublishingTestExecutionListener@176b75f7, org.springframework.boot.test.mock.mockito.ResetMocksTestExecutionListener@5965be2d, org.springframework.boot.test.autoconfigure.restdocs.RestDocsTestExecutionListener@409c54f, org.springframework.boot.test.autoconfigure.web.client.MockRestServiceServerResetTestExecutionListener@3e74829, org.springframework.boot.test.autoconfigure.web.servlet.MockMvcPrintOnlyOnFailureTestExecutionListener@4f6f416f, org.springframework.boot.test.autoconfigure.web.servlet.WebDriverTestExecutionListener@3b8f0a79, org.springframework.boot.test.autoconfigure.webservices.client.MockWebServiceServerTestExecutionListener@71e693fa]
15:29:32.901 [main] DEBUG org.springframework.test.context.support.AbstractDirtiesContextTestExecutionListener - Before test class: context [DefaultTestContext@4e423aa2 testClass = RedisDemoApplicationTests, testInstance = [null], testMethod = [null], testException = [null], mergedContextConfiguration = [WebMergedContextConfiguration@7fbdb894 testClass = RedisDemoApplicationTests, locations = '{}', classes = '{class com.itheima.HelloApplication}', contextInitializerClasses = '[]', activeProfiles = '{}', propertySourceLocations = '{}', propertySourceProperties = '{org.springframework.boot.test.context.SpringBootTestContextBootstrapper=true}', contextCustomizers = set[org.springframework.boot.test.context.filter.ExcludeFilterContextCustomizer@1bb266b3, org.springframework.boot.test.json.DuplicateJsonObjectContextCustomizerFactory$DuplicateJsonObjectContextCustomizer@5136d012, org.springframework.boot.test.mock.mockito.MockitoContextCustomizer@0, org.springframework.boot.test.web.client.TestRestTemplateContextCustomizer@1f97cf0d, org.springframework.boot.test.autoconfigure.properties.PropertyMappingContextCustomizer@0, org.springframework.boot.test.autoconfigure.web.servlet.WebDriverContextCustomizerFactory$Customizer@be35cd9, org.springframework.boot.test.context.SpringBootTestArgs@1, org.springframework.boot.test.context.SpringBootTestWebEnvironment@34c4973], resourceBasePath = 'src/main/webapp', contextLoader = 'org.springframework.boot.test.context.SpringBootContextLoader', parent = [null]], attributes = map['org.springframework.test.context.web.ServletTestExecutionListener.activateListener' -> true]], class annotated with @DirtiesContext [false] with mode [null].
15:29:32.931 [main] DEBUG org.springframework.test.context.support.TestPropertySourceUtils - Adding inlined properties to environment: {spring.jmx.enabled=false, org.springframework.boot.test.context.SpringBootTestContextBootstrapper=true}

  .   ____          _            __ _ _
 /\\ / ___'_ __ _ _(_)_ __  __ _ \ \ \ \
( ( )\___ | '_ | '_| | '_ \/ _` | \ \ \ \
 \\/  ___)| |_)| | | | | || (_| |  ) ) ) )
  '  |____| .__|_| |_|_| |_\__, | / / / /
 =========|_|==============|___/=/_/_/_/
 :: Spring Boot ::        (v2.3.9.RELEASE)

2023-03-22 15:29:33.216  INFO 22704 --- [           main] c.i.c.RedisDemoApplicationTests          : Starting RedisDemoApplicationTests on LAPTOP-88F78NFA with PID 22704 (started by zhuozhuo in D:\code\java\helloworld-demo)
2023-03-22 15:29:33.217  INFO 22704 --- [           main] c.i.c.RedisDemoApplicationTests          : No active profile set, falling back to default profiles: default
2023-03-22 15:29:33.749  INFO 22704 --- [           main] .s.d.r.c.RepositoryConfigurationDelegate : Multiple Spring Data modules found, entering strict repository configuration mode!
2023-03-22 15:29:33.753  INFO 22704 --- [           main] .s.d.r.c.RepositoryConfigurationDelegate : Bootstrapping Spring Data Redis repositories in DEFAULT mode.
2023-03-22 15:29:33.781  INFO 22704 --- [           main] .s.d.r.c.RepositoryConfigurationDelegate : Finished Spring Data repository scanning in 11ms. Found 0 Redis repository interfaces.
2023-03-22 15:29:34.536  INFO 22704 --- [           main] o.s.s.concurrent.ThreadPoolTaskExecutor  : Initializing ExecutorService 'applicationTaskExecutor'
2023-03-22 15:29:34.727 DEBUG 22704 --- [           main] i.l.c.resource.DefaultClientResources    : -Dio.netty.eventLoopThreads: 16
2023-03-22 15:29:34.733 DEBUG 22704 --- [           main] i.l.c.r.DefaultEventLoopGroupProvider    : Creating executor io.netty.util.concurrent.DefaultEventExecutorGroup
2023-03-22 15:29:34.819 DEBUG 22704 --- [           main] i.l.c.resource.DefaultClientResources    : LatencyUtils/HdrUtils are not available, metrics are disabled
2023-03-22 15:29:35.174  INFO 22704 --- [           main] c.i.c.RedisDemoApplicationTests          : Started RedisDemoApplicationTests in 2.233 seconds (JVM running for 3.186)
2023-03-22 15:29:35.493 DEBUG 22704 --- [           main] io.lettuce.core.RedisClient              : Trying to get a Redis connection for: RedisURI [host='localhost', port=6379]
2023-03-22 15:29:35.579 DEBUG 22704 --- [           main] io.lettuce.core.EpollProvider            : Starting without optional epoll library
2023-03-22 15:29:35.580 DEBUG 22704 --- [           main] io.lettuce.core.KqueueProvider           : Starting without optional kqueue library
2023-03-22 15:29:35.582 DEBUG 22704 --- [           main] i.l.c.r.DefaultEventLoopGroupProvider    : Allocating executor io.netty.channel.nio.NioEventLoopGroup
2023-03-22 15:29:35.582 DEBUG 22704 --- [           main] i.l.c.r.DefaultEventLoopGroupProvider    : Creating executor io.netty.channel.nio.NioEventLoopGroup
2023-03-22 15:29:35.810 DEBUG 22704 --- [           main] i.l.c.r.DefaultEventLoopGroupProvider    : Adding reference to io.netty.channel.nio.NioEventLoopGroup@31b741e2, existing ref count 0
2023-03-22 15:29:35.821 DEBUG 22704 --- [           main] io.lettuce.core.RedisClient              : Resolved SocketAddress localhost/<unresolved>:6379 using RedisURI [host='localhost', port=6379]
2023-03-22 15:29:35.822 DEBUG 22704 --- [           main] io.lettuce.core.RedisClient              : Connecting to Redis at localhost/<unresolved>:6379
2023-03-22 15:29:36.007 DEBUG 22704 --- [ioEventLoop-4-1] io.lettuce.core.protocol.CommandHandler  : [channel=0x489ac4e5, [id: 0xa568b33b] (inactive), chid=0x1] channelRegistered()
2023-03-22 15:29:36.015 DEBUG 22704 --- [ioEventLoop-4-1] io.lettuce.core.RedisClient              : Connecting to Redis at localhost/<unresolved>:6379: localhost/<unresolved>:6379

io.netty.channel.AbstractChannel$AnnotatedConnectException: Connection refused: no further information: localhost/127.0.0.1:6379
Caused by: java.net.ConnectException: Connection refused: no further information
	at java.base/sun.nio.ch.Net.pollConnect(Native Method) ~[na:na]
	at java.base/sun.nio.ch.Net.pollConnectNow(Net.java:672) ~[na:na]
	at java.base/sun.nio.ch.SocketChannelImpl.finishConnect(SocketChannelImpl.java:973) ~[na:na]
	at io.netty.channel.socket.nio.NioSocketChannel.doFinishConnect(NioSocketChannel.java:330) ~[netty-transport-4.1.59.Final.jar:4.1.59.Final]
	at io.netty.channel.nio.AbstractNioChannel$AbstractNioUnsafe.finishConnect(AbstractNioChannel.java:334) ~[netty-transport-4.1.59.Final.jar:4.1.59.Final]
	at io.netty.channel.nio.NioEventLoop.processSelectedKey(NioEventLoop.java:707) ~[netty-transport-4.1.59.Final.jar:4.1.59.Final]
	at io.netty.channel.nio.NioEventLoop.processSelectedKeysOptimized(NioEventLoop.java:655) ~[netty-transport-4.1.59.Final.jar:4.1.59.Final]
	at io.netty.channel.nio.NioEventLoop.processSelectedKeys(NioEventLoop.java:581) ~[netty-transport-4.1.59.Final.jar:4.1.59.Final]
	at io.netty.channel.nio.NioEventLoop.run(NioEventLoop.java:493) ~[netty-transport-4.1.59.Final.jar:4.1.59.Final]
	at io.netty.util.concurrent.SingleThreadEventExecutor$4.run(SingleThreadEventExecutor.java:989) ~[netty-common-4.1.59.Final.jar:4.1.59.Final]
	at io.netty.util.internal.ThreadExecutorMap$2.run(ThreadExecutorMap.java:74) ~[netty-common-4.1.59.Final.jar:4.1.59.Final]
	at io.netty.util.concurrent.FastThreadLocalRunnable.run(FastThreadLocalRunnable.java:30) ~[netty-common-4.1.59.Final.jar:4.1.59.Final]
	at java.base/java.lang.Thread.run(Thread.java:1589) ~[na:na]

2023-03-22 15:29:36.016 DEBUG 22704 --- [ioEventLoop-4-1] io.lettuce.core.RedisChannelHandler      : close()
2023-03-22 15:29:36.016 DEBUG 22704 --- [ioEventLoop-4-1] io.lettuce.core.RedisChannelHandler      : closeAsync()
2023-03-22 15:29:36.016 DEBUG 22704 --- [ioEventLoop-4-1] i.lettuce.core.protocol.DefaultEndpoint  : [unknown, epid=0x1] closeAsync()
2023-03-22 15:29:36.017 DEBUG 22704 --- [ioEventLoop-4-1] io.lettuce.core.protocol.CommandHandler  : [channel=0x489ac4e5, [id: 0xa568b33b] (inactive), chid=0x1] channelUnregistered()
]]></system-out>
  </testcase>
</testsuite>